# JRE version: OpenJDK Runtime Environment (11.0.7+10) (build 11.0.7+10-post-Ubuntu-3ubuntu1)
# Java VM: OpenJDK 64-Bit Server VM (11.0.7+10-post-Ubuntu-3ubuntu1, mixed mode, sharing, tiered, compressed oops, g1 gc, linux-amd64)
Heap:
 garbage-first heap   total 218112K, used 105602K [0x0000000093e00000, 0x0000000100000000)
  region size 1024K, 85 young (87040K), 11 survivors (11264K)
 Metaspace       used 69567K, capacity 71296K, committed 71424K, reserved 1112064K
  class space    used 9031K, capacity 9667K, committed 9728K, reserved 1048576K
GC Heap History (20 events):
Event: 2,347 GC heap before
{Heap before GC invocations=4 (full 0):
 garbage-first heap   total 114688K, used 73461K [0x0000000093e00000, 0x0000000100000000)
  region size 1024K, 66 young (67584K), 3 survivors (3072K)
 Metaspace       used 19802K, capacity 20380K, committed 20608K, reserved 1067008K
  class space    used 2432K, capacity 2646K, committed 2688K, reserved 1048576K
}
Event: 2,356 GC heap after
{Heap after GC invocations=5 (full 0):
 garbage-first heap   total 150528K, used 10668K [0x0000000093e00000, 0x0000000100000000)
  region size 1024K, 4 young (4096K), 4 survivors (4096K)
 Metaspace       used 19802K, capacity 20380K, committed 20608K, reserved 1067008K
  class space    used 2432K, capacity 2646K, committed 2688K, reserved 1048576K
}
Event: 2,430 GC heap before
{Heap before GC invocations=5 (full 0):
 garbage-first heap   total 150528K, used 31148K [0x0000000093e00000, 0x0000000100000000)
  region size 1024K, 26 young (26624K), 4 survivors (4096K)
 Metaspace       used 20595K, capacity 21157K, committed 21248K, reserved 1067008K
  class space    used 2530K, capacity 2739K, committed 2816K, reserved 1048576K
}
Event: 2,437 GC heap after
{Heap after GC invocations=6 (full 0):
 garbage-first heap   total 150528K, used 10715K [0x0000000093e00000, 0x0000000100000000)
  region size 1024K, 4 young (4096K), 4 survivors (4096K)
 Metaspace       used 20595K, capacity 21157K, committed 21248K, reserved 1067008K
  class space    used 2530K, capacity 2739K, committed 2816K, reserved 1048576K
}
Event: 3,446 GC heap before
{Heap before GC invocations=7 (full 0):
 garbage-first heap   total 150528K, used 85467K [0x0000000093e00000, 0x0000000100000000)
  region size 1024K, 77 young (78848K), 4 survivors (4096K)
 Metaspace       used 24106K, capacity 24832K, committed 25088K, reserved 1071104K
  class space    used 2985K, capacity 3290K, committed 3328K, reserved 1048576K
}
Event: 3,453 GC heap after
{Heap after GC invocations=8 (full 0):
 garbage-first heap   total 150528K, used 12725K [0x0000000093e00000, 0x0000000100000000)
  region size 1024K, 6 young (6144K), 6 survivors (6144K)
 Metaspace       used 24106K, capacity 24832K, committed 25088K, reserved 1071104K
  class space    used 2985K, capacity 3290K, committed 3328K, reserved 1048576K
}
Event: 4,580 GC heap before
{Heap before GC invocations=8 (full 0):
 garbage-first heap   total 150528K, used 92597K [0x0000000093e00000, 0x0000000100000000)
  region size 1024K, 84 young (86016K), 6 survivors (6144K)
 Metaspace       used 30154K, capacity 31121K, committed 31360K, reserved 1077248K
  class space    used 3772K, capacity 4199K, committed 4224K, reserved 1048576K
}
Event: 4,590 GC heap after
{Heap after GC invocations=9 (full 0):
 garbage-first heap   total 150528K, used 15752K [0x0000000093e00000, 0x0000000100000000)
  region size 1024K, 9 young (9216K), 9 survivors (9216K)
 Metaspace       used 30154K, capacity 31121K, committed 31360K, reserved 1077248K
  class space    used 3772K, capacity 4199K, committed 4224K, reserved 1048576K
}
Event: 4,727 GC heap before
{Heap before GC invocations=9 (full 0):
 garbage-first heap   total 150528K, used 95624K [0x0000000093e00000, 0x0000000100000000)
  region size 1024K, 88 young (90112K), 9 survivors (9216K)
 Metaspace       used 30923K, capacity 31888K, committed 32256K, reserved 1077248K
  class space    used 3841K, capacity 4241K, committed 4352K, reserved 1048576K
}
Event: 4,738 GC heap after
{Heap after GC invocations=10 (full 0):
 garbage-first heap   total 181248K, used 15966K [0x0000000093e00000, 0x0000000100000000)
  region size 1024K, 7 young (7168K), 7 survivors (7168K)
 Metaspace       used 30923K, capacity 31888K, committed 32256K, reserved 1077248K
  class space    used 3841K, capacity 4241K, committed 4352K, reserved 1048576K
}
Event: 5,327 GC heap before
{Heap before GC invocations=10 (full 0):
 garbage-first heap   total 181248K, used 65118K [0x0000000093e00000, 0x0000000100000000)
  region size 1024K, 57 young (58368K), 7 survivors (7168K)
 Metaspace       used 34531K, capacity 35606K, committed 35840K, reserved 1081344K
  class space    used 4222K, capacity 4648K, committed 4736K, reserved 1048576K
}
Event: 5,336 GC heap after
{Heap after GC invocations=11 (full 0):
 garbage-first heap   total 181248K, used 17533K [0x0000000093e00000, 0x0000000100000000)
  region size 1024K, 8 young (8192K), 8 survivors (8192K)
 Metaspace       used 34531K, capacity 35606K, committed 35840K, reserved 1081344K
  class space    used 4222K, capacity 4648K, committed 4736K, reserved 1048576K
}
Event: 6,354 GC heap before
{Heap before GC invocations=12 (full 0):
 garbage-first heap   total 181248K, used 117885K [0x0000000093e00000, 0x0000000100000000)
  region size 1024K, 106 young (108544K), 8 survivors (8192K)
 Metaspace       used 45042K, capacity 46216K, committed 46464K, reserved 1089536K
  class space    used 5799K, capacity 6256K, committed 6272K, reserved 1048576K
}
Event: 6,371 GC heap after
{Heap after GC invocations=13 (full 0):
 garbage-first heap   total 181248K, used 21782K [0x0000000093e00000, 0x0000000100000000)
  region size 1024K, 12 young (12288K), 12 survivors (12288K)
 Metaspace       used 45042K, capacity 46216K, committed 46464K, reserved 1089536K
  class space    used 5799K, capacity 6256K, committed 6272K, reserved 1048576K
}
Event: 7,393 GC heap before
{Heap before GC invocations=13 (full 0):
 garbage-first heap   total 181248K, used 118038K [0x0000000093e00000, 0x0000000100000000)
  region size 1024K, 106 young (108544K), 12 survivors (12288K)
 Metaspace       used 52735K, capacity 53967K, committed 54272K, reserved 1095680K
  class space    used 6929K, capacity 7381K, committed 7424K, reserved 1048576K
}
Event: 7,411 GC heap after
{Heap after GC invocations=14 (full 0):
 garbage-first heap   total 181248K, used 23387K [0x0000000093e00000, 0x0000000100000000)
  region size 1024K, 9 young (9216K), 9 survivors (9216K)
 Metaspace       used 52735K, capacity 53967K, committed 54272K, reserved 1095680K
  class space    used 6929K, capacity 7381K, committed 7424K, reserved 1048576K
}
Event: 8,806 GC heap before
{Heap before GC invocations=14 (full 0):
 garbage-first heap   total 181248K, used 117595K [0x0000000093e00000, 0x0000000100000000)
  region size 1024K, 102 young (104448K), 9 survivors (9216K)
 Metaspace       used 58609K, capacity 60084K, committed 60160K, reserved 1101824K
  class space    used 7682K, capacity 8254K, committed 8320K, reserved 1048576K
}
Event: 8,831 GC heap after
{Heap after GC invocations=15 (full 0):
 garbage-first heap   total 218112K, used 26357K [0x0000000093e00000, 0x0000000100000000)
  region size 1024K, 10 young (10240K), 10 survivors (10240K)
 Metaspace       used 58609K, capacity 60084K, committed 60160K, reserved 1101824K
  class space    used 7682K, capacity 8254K, committed 8320K, reserved 1048576K
}
Event: 17,231 GC heap before
{Heap before GC invocations=16 (full 0):
 garbage-first heap   total 218112K, used 146165K [0x0000000093e00000, 0x0000000100000000)
  region size 1024K, 127 young (130048K), 10 survivors (10240K)
 Metaspace       used 65914K, capacity 67536K, committed 67712K, reserved 1107968K
  class space    used 8645K, capacity 9274K, committed 9344K, reserved 1048576K
}
Event: 17,261 GC heap after
{Heap after GC invocations=17 (full 0):
 garbage-first heap   total 218112K, used 31874K [0x0000000093e00000, 0x0000000100000000)
  region size 1024K, 11 young (11264K), 11 survivors (11264K)
 Metaspace       used 65914K, capacity 67536K, committed 67712K, reserved 1107968K
  class space    used 8645K, capacity 9274K, committed 9344K, reserved 1048576K
}

